# JRE version: Java(TM) SE Runtime Environment (19.0+36) (build 19+36-2238)
# Java VM: Java HotSpot(TM) 64-Bit Server VM (19+36-2238, mixed mode, sharing, tiered, compressed oops, compressed class ptrs, g1 gc, windows-amd64)
GC Precious Log:
 CardTable entry size: 512
 Card Set container configuration: InlinePtr #cards 5 size 8 Array Of Cards #cards 12 size 40 Howl #buckets 4 coarsen threshold 1843 Howl Bitmap #cards 512 size 80 coarsen threshold 460 Card regions per heap region 1 cards per card region 2048
 CPUs: 4 total, 4 available
 Memory: 7859M
 Large Page Support: Disabled
 NUMA Support: Disabled
 Compressed Oops: Enabled (32-bit)
 Heap Region Size: 1M
 Heap Min Capacity: 8M
 Heap Initial Capacity: 124M
 Heap Max Capacity: 1966M
 Pre-touch: Disabled
 Parallel Workers: 4
 Concurrent Workers: 1
 Concurrent Refinement Workers: 4
 Periodic GC: Disabled
Heap:
 garbage-first heap   total 126976K, used 29503K [0x0000000085200000, 0x0000000100000000)
  region size 1024K, 3 young (3072K), 3 survivors (3072K)
 Metaspace       used 67858K, committed 68544K, reserved 1114112K
  class space    used 8688K, committed 9024K, reserved 1048576K
GC Heap History (20 events):
Event: 4.938 GC heap after
{Heap after GC invocations=11 (full 0):
 garbage-first heap   total 87040K, used 19881K [0x0000000085200000, 0x0000000100000000)
  region size 1024K, 5 young (5120K), 5 survivors (5120K)
 Metaspace       used 32225K, committed 32704K, reserved 1114112K
  class space    used 3849K, committed 4096K, reserved 1048576K
}
Event: 5.363 GC heap before
{Heap before GC invocations=11 (full 0):
 garbage-first heap   total 87040K, used 53673K [0x0000000085200000, 0x0000000100000000)
  region size 1024K, 39 young (39936K), 5 survivors (5120K)
 Metaspace       used 35431K, committed 35968K, reserved 1114112K
  class space    used 4281K, committed 4544K, reserved 1048576K
}
Event: 5.369 GC heap after
{Heap after GC invocations=12 (full 0):
 garbage-first heap   total 87040K, used 21449K [0x0000000085200000, 0x0000000100000000)
  region size 1024K, 4 young (4096K), 4 survivors (4096K)
 Metaspace       used 35431K, committed 35968K, reserved 1114112K
  class space    used 4281K, committed 4544K, reserved 1048576K
}
Event: 5.915 GC heap before
{Heap before GC invocations=13 (full 0):
 garbage-first heap   total 86016K, used 67529K [0x0000000085200000, 0x0000000100000000)
  region size 1024K, 49 young (50176K), 4 survivors (4096K)
 Metaspace       used 39692K, committed 40256K, reserved 1114112K
  class space    used 4980K, committed 5248K, reserved 1048576K
}
Event: 5.923 GC heap after
{Heap after GC invocations=14 (full 0):
 garbage-first heap   total 86016K, used 21782K [0x0000000085200000, 0x0000000100000000)
  region size 1024K, 5 young (5120K), 5 survivors (5120K)
 Metaspace       used 39692K, committed 40256K, reserved 1114112K
  class space    used 4980K, committed 5248K, reserved 1048576K
}
Event: 5.930 GC heap before
{Heap before GC invocations=14 (full 0):
 garbage-first heap   total 86016K, used 22806K [0x0000000085200000, 0x0000000100000000)
  region size 1024K, 6 young (6144K), 5 survivors (5120K)
 Metaspace       used 39716K, committed 40256K, reserved 1114112K
  class space    used 4984K, committed 5248K, reserved 1048576K
}
Event: 5.934 GC heap after
{Heap after GC invocations=15 (full 0):
 garbage-first heap   total 86016K, used 22362K [0x0000000085200000, 0x0000000100000000)
  region size 1024K, 1 young (1024K), 1 survivors (1024K)
 Metaspace       used 39716K, committed 40256K, reserved 1114112K
  class space    used 4984K, committed 5248K, reserved 1048576K
}
Event: 6.667 GC heap before
{Heap before GC invocations=15 (full 0):
 garbage-first heap   total 86016K, used 66394K [0x0000000085200000, 0x0000000100000000)
  region size 1024K, 45 young (46080K), 1 survivors (1024K)
 Metaspace       used 47588K, committed 48128K, reserved 1114112K
  class space    used 5887K, committed 6144K, reserved 1048576K
}
Event: 6.670 GC heap after
{Heap after GC invocations=16 (full 0):
 garbage-first heap   total 86016K, used 23626K [0x0000000085200000, 0x0000000100000000)
  region size 1024K, 2 young (2048K), 2 survivors (2048K)
 Metaspace       used 47588K, committed 48128K, reserved 1114112K
  class space    used 5887K, committed 6144K, reserved 1048576K
}
Event: 7.613 GC heap before
{Heap before GC invocations=16 (full 0):
 garbage-first heap   total 86016K, used 67658K [0x0000000085200000, 0x0000000100000000)
  region size 1024K, 45 young (46080K), 2 survivors (2048K)
 Metaspace       used 51649K, committed 52160K, reserved 1114112K
  class space    used 6382K, committed 6592K, reserved 1048576K
}
Event: 7.617 GC heap after
{Heap after GC invocations=17 (full 0):
 garbage-first heap   total 86016K, used 25002K [0x0000000085200000, 0x0000000100000000)
  region size 1024K, 4 young (4096K), 4 survivors (4096K)
 Metaspace       used 51649K, committed 52160K, reserved 1114112K
  class space    used 6382K, committed 6592K, reserved 1048576K
}
Event: 8.101 GC heap before
{Heap before GC invocations=17 (full 0):
 garbage-first heap   total 86016K, used 66986K [0x0000000085200000, 0x0000000100000000)
  region size 1024K, 46 young (47104K), 4 survivors (4096K)
 Metaspace       used 56996K, committed 57536K, reserved 1114112K
  class space    used 7173K, committed 7424K, reserved 1048576K
}
Event: 8.105 GC heap after
{Heap after GC invocations=18 (full 0):
 garbage-first heap   total 86016K, used 25679K [0x0000000085200000, 0x0000000100000000)
  region size 1024K, 3 young (3072K), 3 survivors (3072K)
 Metaspace       used 56996K, committed 57536K, reserved 1114112K
  class space    used 7173K, committed 7424K, reserved 1048576K
}
Event: 8.510 GC heap before
{Heap before GC invocations=18 (full 0):
 garbage-first heap   total 86016K, used 53327K [0x0000000085200000, 0x0000000100000000)
  region size 1024K, 31 young (31744K), 3 survivors (3072K)
 Metaspace       used 59772K, committed 60288K, reserved 1114112K
  class space    used 7603K, committed 7872K, reserved 1048576K
}
Event: 8.512 GC heap after
{Heap after GC invocations=19 (full 0):
 garbage-first heap   total 86016K, used 26110K [0x0000000085200000, 0x0000000100000000)
  region size 1024K, 3 young (3072K), 3 survivors (3072K)
 Metaspace       used 59772K, committed 60288K, reserved 1114112K
  class space    used 7603K, committed 7872K, reserved 1048576K
}
Event: 9.147 GC heap before
{Heap before GC invocations=20 (full 0):
 garbage-first heap   total 86016K, used 71166K [0x0000000085200000, 0x0000000100000000)
  region size 1024K, 47 young (48128K), 3 survivors (3072K)
 Metaspace       used 63616K, committed 64256K, reserved 1114112K
  class space    used 8188K, committed 8512K, reserved 1048576K
}
Event: 9.162 GC heap after
{Heap after GC invocations=21 (full 0):
 garbage-first heap   total 86016K, used 27700K [0x0000000085200000, 0x0000000100000000)
  region size 1024K, 5 young (5120K), 5 survivors (5120K)
 Metaspace       used 63616K, committed 64256K, reserved 1114112K
  class space    used 8188K, committed 8512K, reserved 1048576K
}
Event: 9.184 GC heap before
{Heap before GC invocations=21 (full 0):
 garbage-first heap   total 86016K, used 28724K [0x0000000085200000, 0x0000000100000000)
  region size 1024K, 6 young (6144K), 5 survivors (5120K)
 Metaspace       used 63696K, committed 64320K, reserved 1114112K
  class space    used 8204K, committed 8512K, reserved 1048576K
}
Event: 9.197 GC heap after
{Heap after GC invocations=22 (full 0):
 garbage-first heap   total 86016K, used 27993K [0x0000000085200000, 0x0000000100000000)
  region size 1024K, 1 young (1024K), 1 survivors (1024K)
 Metaspace       used 63696K, committed 64320K, reserved 1114112K
  class space    used 8204K, committed 8512K, reserved 1048576K
}
Event: 10.492 GC heap before
{Heap before GC invocations=22 (full 0):
 garbage-first heap   total 86016K, used 69977K [0x0000000085200000, 0x0000000100000000)
  region size 1024K, 43 young (44032K), 1 survivors (1024K)
 Metaspace       used 67858K, committed 68544K, reserved 1114112K
  class space    used 8688K, committed 9024K, reserved 1048576K
}

